g:\programming\ahproject\base game\debug\vc140.pdb
g:\programming\ahproject\base game\debug\vc140.idb
g:\programming\ahproject\base game\debug\shader.obj
g:\programming\ahproject\base game\debug\shader manager.obj
g:\programming\ahproject\base game\debug\freetype manager.obj
g:\programming\ahproject\base game\debug\console.obj
g:\programming\ahproject\base game\debug\entity.obj
g:\programming\ahproject\base game\debug\consolemanipobj.obj
g:\programming\ahproject\base game\debug\rigidbody.obj
g:\programming\ahproject\base game\debug\grid.obj
g:\programming\ahproject\base game\debug\physical.obj
g:\programming\ahproject\base game\debug\manifold.obj
g:\programming\ahproject\base game\debug\projectile.obj
g:\programming\ahproject\base game\debug\collisioncallbacksandcriteria.obj
g:\programming\ahproject\base game\debug\menu.obj
g:\programming\ahproject\base game\debug\vector.obj
g:\programming\ahproject\base game\debug\transform.obj
g:\programming\ahproject\base game\debug\temp.obj
g:\programming\ahproject\base game\debug\text.obj
g:\programming\ahproject\base game\debug\utility.obj
g:\programming\ahproject\base game\debug\tick counter.obj
g:\programming\ahproject\base game\debug\structures.obj
g:\programming\ahproject\base game\debug\event manager.obj
g:\programming\ahproject\base game\debug\cubic bezier.obj
g:\programming\ahproject\base game\debug\gameui.obj
g:\programming\ahproject\base game\debug\particle.obj
g:\programming\ahproject\base game\debug\quad bezier.obj
g:\programming\ahproject\base game\debug\character.obj
g:\programming\ahproject\base game\debug\npc.obj
g:\programming\ahproject\base game\debug\player.obj
g:\programming\ahproject\base game\debug\map.obj
g:\programming\ahproject\base game\debug\paths.obj
g:\programming\ahproject\base game\debug\polygon.obj
g:\programming\ahproject\base game\debug\followable.obj
g:\programming\ahproject\base game\debug\game.obj
g:\programming\ahproject\base game\debug\main.obj
g:\programming\ahproject\base game\debug\ray.obj
g:\programming\ahproject\base game\debug\camera manager.obj
g:\programming\ahproject\base game\debug\font.obj
g:\programming\ahproject\base game\debug\debug overlay.obj
g:\programming\ahproject\base game\debug\rectangle.obj
g:\programming\ahproject\debug\base game.ilk
g:\programming\ahproject\debug\base game.exe
g:\programming\ahproject\debug\base game.pdb
g:\programming\ahproject\base game\debug\base game.tlog\cl.command.1.tlog
g:\programming\ahproject\base game\debug\base game.tlog\cl.read.1.tlog
g:\programming\ahproject\base game\debug\base game.tlog\cl.write.1.tlog
g:\programming\ahproject\base game\debug\base game.tlog\link.command.1.tlog
g:\programming\ahproject\base game\debug\base game.tlog\link.read.1.tlog
g:\programming\ahproject\base game\debug\base game.tlog\link.write.1.tlog
