g:\programming\ahproject\base game\release\vc140.pdb
g:\programming\ahproject\base game\release\shader.obj
g:\programming\ahproject\base game\release\rectangle.obj
g:\programming\ahproject\base game\release\debug overlay.obj
g:\programming\ahproject\base game\release\font.obj
g:\programming\ahproject\base game\release\camera manager.obj
g:\programming\ahproject\base game\release\ray.obj
g:\programming\ahproject\base game\release\main.obj
g:\programming\ahproject\base game\release\game.obj
g:\programming\ahproject\base game\release\followable.obj
g:\programming\ahproject\base game\release\polygon.obj
g:\programming\ahproject\base game\release\paths.obj
g:\programming\ahproject\base game\release\map.obj
g:\programming\ahproject\base game\release\player.obj
g:\programming\ahproject\base game\release\npc.obj
g:\programming\ahproject\base game\release\character.obj
g:\programming\ahproject\base game\release\quad bezier.obj
g:\programming\ahproject\base game\release\particle.obj
g:\programming\ahproject\base game\release\gameui.obj
g:\programming\ahproject\base game\release\cubic bezier.obj
g:\programming\ahproject\base game\release\event manager.obj
g:\programming\ahproject\base game\release\structures.obj
g:\programming\ahproject\base game\release\tick counter.obj
g:\programming\ahproject\base game\release\utility.obj
g:\programming\ahproject\base game\release\text.obj
g:\programming\ahproject\base game\release\transform.obj
g:\programming\ahproject\base game\release\vector.obj
g:\programming\ahproject\base game\release\menu.obj
g:\programming\ahproject\base game\release\collisioncallbacksandcriteria.obj
g:\programming\ahproject\base game\release\projectile.obj
g:\programming\ahproject\base game\release\manifold.obj
g:\programming\ahproject\base game\release\physical.obj
g:\programming\ahproject\base game\release\grid.obj
g:\programming\ahproject\base game\release\rigidbody.obj
g:\programming\ahproject\base game\release\entity.obj
g:\programming\ahproject\base game\release\console.obj
g:\programming\ahproject\base game\release\freetype manager.obj
g:\programming\ahproject\base game\release\shader manager.obj
g:\programming\ahproject\release\base game.exe
g:\programming\ahproject\release\base game.ipdb
g:\programming\ahproject\release\base game.iobj
g:\programming\ahproject\release\base game.pdb
g:\programming\ahproject\base game\release\base game.tlog\cl.command.1.tlog
g:\programming\ahproject\base game\release\base game.tlog\cl.read.1.tlog
g:\programming\ahproject\base game\release\base game.tlog\cl.write.1.tlog
g:\programming\ahproject\base game\release\base game.tlog\link.command.1.tlog
g:\programming\ahproject\base game\release\base game.tlog\link.read.1.tlog
g:\programming\ahproject\base game\release\base game.tlog\link.write.1.tlog
